<?xml version="1.0" encoding="UTF-8"?>
<testng-results skipped="0" failed="0" ignored="0" total="2" passed="2">
  <reporter-output>
  </reporter-output>
  <suite name="Free CRM Application test Automation" duration-ms="124069" started-at="2018-11-25T19:04:39Z" finished-at="2018-11-25T19:06:43Z">
    <groups>
    </groups>
    <test name="Free CRM test Cases" duration-ms="124069" started-at="2018-11-25T19:04:39Z" finished-at="2018-11-25T19:06:43Z">
      <class name="com.qa.testcases.HomePageTest">
        <test-method status="PASS" signature="Setup()[pri:0, instance:com.qa.testcases.HomePageTest@50a638b5]" name="Setup" is-config="true" duration-ms="62359" started-at="2018-11-25T19:04:39Z" finished-at="2018-11-25T19:05:41Z">
          <reporter-output>
          </reporter-output>
        </test-method> <!-- Setup -->
        <test-method status="PASS" signature="verifyContactPage()[pri:3, instance:com.qa.testcases.HomePageTest@50a638b5]" name="verifyContactPage" duration-ms="3880" started-at="2018-11-25T19:05:41Z" finished-at="2018-11-25T19:05:45Z">
          <reporter-output>
          </reporter-output>
        </test-method> <!-- verifyContactPage -->
        <test-method status="PASS" signature="Down()[pri:0, instance:com.qa.testcases.HomePageTest@50a638b5]" name="Down" is-config="true" duration-ms="2290" started-at="2018-11-25T19:05:45Z" finished-at="2018-11-25T19:05:48Z">
          <reporter-output>
          </reporter-output>
        </test-method> <!-- Down -->
      </class> <!-- com.qa.testcases.HomePageTest -->
      <class name="com.qa.testcases.LoginPageTest">
        <test-method status="PASS" signature="Setup()[pri:0, instance:com.qa.testcases.LoginPageTest@1817d444]" name="Setup" is-config="true" duration-ms="38440" started-at="2018-11-25T19:05:48Z" finished-at="2018-11-25T19:06:26Z">
          <reporter-output>
          </reporter-output>
        </test-method> <!-- Setup -->
        <test-method status="PASS" signature="LoginTest()[pri:3, instance:com.qa.testcases.LoginPageTest@1817d444]" name="LoginTest" duration-ms="14721" started-at="2018-11-25T19:06:26Z" finished-at="2018-11-25T19:06:41Z">
          <reporter-output>
          </reporter-output>
        </test-method> <!-- LoginTest -->
        <test-method status="PASS" signature="TearDown()[pri:0, instance:com.qa.testcases.LoginPageTest@1817d444]" name="TearDown" is-config="true" duration-ms="2245" started-at="2018-11-25T19:06:41Z" finished-at="2018-11-25T19:06:43Z">
          <reporter-output>
          </reporter-output>
        </test-method> <!-- TearDown -->
      </class> <!-- com.qa.testcases.LoginPageTest -->
    </test> <!-- Free CRM test Cases -->
  </suite> <!-- Free CRM Application test Automation -->
</testng-results>
